<?xml version="1.0" encoding="UTF-8"?>
<!-- Generated by org.testng.reporters.JUnitReportReporter -->
<testsuite hostname="GACDTL03NS487G" name="com.qtpselenium.core.ddf.testcases.DummyTestB" tests="1" failures="0" timestamp="12 Aug 2018 05:56:30 GMT" time="5.872" errors="0">
  <testcase name="testB" time="5.872" classname="com.qtpselenium.core.ddf.testcases.DummyTestB"/>
</testsuite> <!-- com.qtpselenium.core.ddf.testcases.DummyTestB -->
