<?xml version="1.0" encoding="UTF-8"?>
<!-- Generated by org.testng.reporters.JUnitReportReporter -->
<testsuite hostname="GACDTL03NS487G" name="com.qtpselenium.core.ddf.testcases.myDummyTestA" tests="1" failures="0" timestamp="12 Aug 2018 17:21:29 GMT" time="5.752" errors="0">
  <testcase name="testA" time="5.752" classname="com.qtpselenium.core.ddf.testcases.myDummyTestA"/>
</testsuite> <!-- com.qtpselenium.core.ddf.testcases.myDummyTestA -->
